\BOOKMARK [1][-]{section.1}{\376\377\000O\000b\000j\000e\000c\000t\000i\000v\000e\000s}{}% 1
\BOOKMARK [1][-]{section.2}{\376\377\000I\000n\000t\000r\000o\000d\000u\000c\000t\000i\000o\000n}{}% 2
\BOOKMARK [1][-]{section.3}{\376\377\000G\000a\000m\000e\000\040\000D\000e\000f\000i\000n\000i\000t\000i\000o\000n\000\040\000a\000n\000d\000\040\000P\000r\000o\000b\000l\000e\000m\000\040\000F\000o\000r\000m\000u\000l\000a\000t\000i\000o\000n}{}% 3
\BOOKMARK [2][-]{subsection.3.1}{\376\377\000A\000d\000v\000e\000r\000s\000a\000r\000i\000a\000l\000\040\000S\000e\000a\000r\000c\000h\000\040\000M\000o\000d\000e\000l}{section.3}% 4
\BOOKMARK [2][-]{subsection.3.2}{\376\377\000R\000u\000l\000e\000s\000\040\000a\000n\000d\000\040\000T\000e\000r\000m\000i\000n\000a\000l\000\040\000C\000o\000n\000d\000i\000t\000i\000o\000n\000s}{section.3}% 5
\BOOKMARK [2][-]{subsection.3.3}{\376\377\000S\000t\000a\000t\000e\000\040\000R\000e\000p\000r\000e\000s\000e\000n\000t\000a\000t\000i\000o\000n}{section.3}% 6
\BOOKMARK [2][-]{subsection.3.4}{\376\377\000C\000o\000r\000e\000\040\000E\000n\000g\000i\000n\000e\000\040\000D\000e\000s\000i\000g\000n\000\040\000D\000e\000c\000i\000s\000i\000o\000n\000s}{section.3}% 7
\BOOKMARK [1][-]{section.4}{\376\377\000S\000e\000a\000r\000c\000h\000\040\000A\000l\000g\000o\000r\000i\000t\000h\000m\000s}{}% 8
\BOOKMARK [2][-]{subsection.4.1}{\376\377\000D\000e\000p\000t\000h\000\040\000S\000e\000a\000r\000c\000h\000:\000\040\000M\000i\000n\000i\000m\000a\000x}{section.4}% 9
\BOOKMARK [2][-]{subsection.4.2}{\376\377\000H\000e\000u\000r\000i\000s\000t\000i\000c\000\040\000S\000e\000a\000r\000c\000h\000:\000\040\000A\000l\000p\000h\000a\000-\000B\000e\000t\000a}{section.4}% 10
\BOOKMARK [2][-]{subsection.4.3}{\376\377\000E\000v\000a\000l\000u\000a\000t\000i\000o\000n\000\040\000F\000u\000n\000c\000t\000i\000o\000n}{section.4}% 11
\BOOKMARK [2][-]{subsection.4.4}{\376\377\000A\000l\000g\000o\000r\000i\000t\000h\000m\000\040\000A\000s\000s\000i\000g\000n\000m\000e\000n\000t\000\040\000i\000n\000\040\000M\000o\000d\000e\000s}{section.4}% 12
\BOOKMARK [1][-]{section.5}{\376\377\000A\000g\000e\000n\000t\000\040\000M\000o\000d\000e\000s\000\040\000a\000n\000d\000\040\000D\000i\000f\000f\000i\000c\000u\000l\000t\000y\000\040\000D\000e\000s\000i\000g\000n}{}% 13
\BOOKMARK [2][-]{subsection.5.1}{\376\377\000G\000a\000m\000e\000\040\000M\000o\000d\000e\000s}{section.5}% 14
\BOOKMARK [2][-]{subsection.5.2}{\376\377\000A\000s\000s\000i\000g\000n\000m\000e\000n\000t\000\040\0002\000\040\000S\000e\000a\000r\000c\000h\000\040\000C\000o\000n\000f\000i\000g\000u\000r\000a\000t\000i\000o\000n}{section.5}% 15
\BOOKMARK [2][-]{subsection.5.3}{\376\377\000D\000i\000f\000f\000i\000c\000u\000l\000t\000y\000\040\000L\000e\000v\000e\000l\000s}{section.5}% 16
\BOOKMARK [2][-]{subsection.5.4}{\376\377\000A\000s\000s\000i\000g\000n\000m\000e\000n\000t\000\040\000R\000e\000q\000u\000i\000r\000e\000m\000e\000n\000t\000\040\000T\000r\000a\000c\000e\000a\000b\000i\000l\000i\000t\000y}{section.5}% 17
\BOOKMARK [1][-]{section.6}{\376\377\000V\000a\000l\000i\000d\000a\000t\000i\000o\000n\000\040\000a\000n\000d\000\040\000E\000v\000a\000l\000u\000a\000t\000i\000o\000n}{}% 18
\BOOKMARK [2][-]{subsection.6.1}{\376\377\000A\000u\000t\000o\000m\000a\000t\000e\000d\000\040\000T\000e\000s\000t\000s}{section.6}% 19
\BOOKMARK [3][-]{subsubsection.6.1.1}{\376\377\000W\000h\000a\000t\000\040\000i\000s\000\040\000t\000e\000s\000t\000e\000d}{subsection.6.1}% 20
\BOOKMARK [3][-]{subsubsection.6.1.2}{\376\377\000S\000t\000e\000p\000-\000b\000y\000-\000s\000t\000e\000p\000\040\000t\000e\000s\000t\000\040\000p\000r\000o\000c\000e\000d\000u\000r\000e}{subsection.6.1}% 21
\BOOKMARK [3][-]{subsubsection.6.1.3}{\376\377\000B\000e\000n\000c\000h\000m\000a\000r\000k\000\040\000p\000r\000o\000t\000o\000c\000o\000l\000\040\000\050\000r\000e\000p\000r\000o\000d\000u\000c\000i\000b\000l\000e\000\051}{subsection.6.1}% 22
\BOOKMARK [3][-]{subsubsection.6.1.4}{\376\377\000C\000u\000r\000r\000e\000n\000t\000\040\000o\000b\000s\000e\000r\000v\000e\000d\000\040\000a\000u\000t\000o\000m\000a\000t\000e\000d\000-\000t\000e\000s\000t\000\040\000r\000e\000s\000u\000l\000t}{subsection.6.1}% 23
\BOOKMARK [2][-]{subsection.6.2}{\376\377\000E\000v\000a\000l\000u\000a\000t\000i\000o\000n\000\040\000S\000c\000r\000i\000p\000t}{section.6}% 24
\BOOKMARK [2][-]{subsection.6.3}{\376\377\000O\000b\000s\000e\000r\000v\000e\000d\000\040\000Q\000u\000a\000n\000t\000i\000t\000a\000t\000i\000v\000e\000\040\000S\000i\000g\000n\000a\000l\000s}{section.6}% 25
\BOOKMARK [2][-]{subsection.6.4}{\376\377\000D\000e\000t\000a\000i\000l\000e\000d\000\040\000T\000e\000s\000t\000\040\000S\000t\000r\000a\000t\000e\000g\000y}{section.6}% 26
\BOOKMARK [2][-]{subsection.6.5}{\376\377\000R\000e\000s\000u\000l\000t\000\040\000I\000n\000t\000e\000r\000p\000r\000e\000t\000a\000t\000i\000o\000n}{section.6}% 27
\BOOKMARK [2][-]{subsection.6.6}{\376\377\000F\000a\000i\000l\000u\000r\000e\000\040\000M\000o\000d\000e\000s\000\040\000a\000n\000d\000\040\000M\000i\000t\000i\000g\000a\000t\000i\000o\000n\000s}{section.6}% 28
\BOOKMARK [2][-]{subsection.6.7}{\376\377\000R\000e\000q\000u\000i\000r\000e\000m\000e\000n\000t\000\040\000A\000l\000i\000g\000n\000m\000e\000n\000t}{section.6}% 29
\BOOKMARK [1][-]{section.7}{\376\377\000C\000o\000n\000c\000l\000u\000s\000i\000o\000n}{}% 30
